<?xml version="1.0" encoding="UTF-8"?>
<testng-results ignored="0" total="1" passed="1" failed="0" skipped="0">
  <reporter-output>
  </reporter-output>
  <suite started-at="2019-01-31T05:53:58Z" name="Suite" finished-at="2019-01-31T05:54:14Z" duration-ms="15518">
    <groups>
    </groups>
    <test started-at="2019-01-31T05:53:58Z" name="Test" finished-at="2019-01-31T05:54:14Z" duration-ms="15518">
      <class name="QualityArc.Mobile.App">
        <test-method signature="accessibility()[pri:0, instance:QualityArc.Mobile.App@625732]" started-at="2019-01-31T05:53:58Z" name="accessibility" finished-at="2019-01-31T05:54:14Z" duration-ms="15476" status="PASS">
          <reporter-output>
          </reporter-output>
        </test-method> <!-- accessibility -->
      </class> <!-- QualityArc.Mobile.App -->
    </test> <!-- Test -->
  </suite> <!-- Suite -->
</testng-results>
